<?xml version="1.0" encoding="utf-8"?><testsuites name="pytest tests"><testsuite name="pytest" errors="0" failures="1" skipped="2" tests="48" time="27.558" timestamp="2026-06-22T22:09:00.658154+00:00" hostname="agent-env-9e0fd6ba-df9f-4318-80f2-c2809730f918"><testcase classname="backend.tests.backend_test.TestHealth" name="test_health" time="0.246" /><testcase classname="backend.tests.backend_test.TestQuotesPublic" name="test_submit_quote_success" time="0.048" /><testcase classname="backend.tests.backend_test.TestQuotesPublic" name="test_submit_quote_invalid_email_422" time="1.256" /><testcase classname="backend.tests.backend_test.TestQuotesPublic" name="test_submit_quote_missing_required_422" time="0.773" /><testcase classname="backend.tests.backend_test.TestAdminAuth" name="test_login_success_returns_democode" time="0.979"><failure message="AssertionError: assert 'demoCode' in {'ok': True, 'email_mode': 'smtp', 'ttlSeconds': 600}">backend/tests/backend_test.py:115: in test_login_success_returns_democode
    assert "demoCode" in d
E   AssertionError: assert 'demoCode' in {'ok': True, 'email_mode': 'smtp', 'ttlSeconds': 600}</failure></testcase><testcase classname="backend.tests.backend_test.TestAdminAuth" name="test_login_wrong_password_401" time="0.271" /><testcase classname="backend.tests.backend_test.TestAdminAuth" name="test_legacy_admin_email_rejected" time="0.052" /><testcase classname="backend.tests.backend_test.TestAdminAuth" name="test_verify_wrong_code_401" time="1.020" /><testcase classname="backend.tests.backend_test.TestAdminAuth" name="test_verify_full_flow_returns_jwt" time="1.225" /><testcase classname="backend.tests.backend_test.TestAdminAuth" name="test_me_returns_owner" time="0.047" /><testcase classname="backend.tests.backend_test.TestProtectedEnforcement" name="test_admin_quotes_without_token_401" time="0.052" /><testcase classname="backend.tests.backend_test.TestProtectedEnforcement" name="test_admin_quotes_with_bad_token_401" time="0.046" /><testcase classname="backend.tests.backend_test.TestProtectedEnforcement" name="test_admin_quotes_with_token_lists" time="0.050" /><testcase classname="backend.tests.backend_test.TestSettings" name="test_settings_roundtrip" time="0.186" /><testcase classname="backend.tests.backend_test.TestSettings" name="test_settings_put_without_auth_401" time="0.045" /><testcase classname="backend.tests.backend_test.TestAdminReply" name="test_reply_appends" time="0.097" /><testcase classname="backend.tests.backend_test.TestAdminReply" name="test_reply_missing_message_400" time="0.045" /><testcase classname="backend.tests.backend_test.TestAdminReply" name="test_reply_unknown_qid_404" time="0.094" /><testcase classname="backend.tests.backend_test.TestCustomers" name="test_customers_aggregate" time="0.061" /><testcase classname="backend.tests.backend_test.TestCustomers" name="test_customers_without_auth_401" time="0.048" /><testcase classname="backend.tests.backend_test.TestChangePassword" name="test_change_password_flow_with_revert" time="2.142" /><testcase classname="backend.tests.backend_test.TestChangeEmail" name="test_change_email_flow_with_revert" time="1.214" /><testcase classname="backend.tests.backend_test.TestEmailTestEndpoint" name="test_email_test_when_smtp_unset" time="0.049" /><testcase classname="backend.tests.backend_test.TestEmailTestEndpoint" name="test_email_test_requires_auth" time="0.044" /><testcase classname="backend.tests.backend_test.TestSmtpPasswordPreservation" name="test_smtp_password_preserved_on_empty_put" time="0.409" /><testcase classname="backend.tests.backend_test.TestPublicRfqVisibleInAdmin" name="test_public_quote_appears_in_admin" time="0.093" /><testcase classname="backend.tests.test_iter7_features.TestWipeTestData" name="test_requires_auth" time="0.151" /><testcase classname="backend.tests.test_iter7_features.TestWipeTestData" name="test_wipe_deletes_only_transactional" time="0.985" /><testcase classname="backend.tests.test_iter7_features.TestQuoteReplyExtended" name="test_backward_compatible_message_only" time="0.129" /><testcase classname="backend.tests.test_iter7_features.TestQuoteReplyExtended" name="test_reply_with_attachments" time="0.126" /><testcase classname="backend.tests.test_iter7_features.TestQuoteReplyExtended" name="test_reply_with_template_id" time="0.082"><skipped type="pytest.skip" message="No templates endpoint available">/app/backend/tests/test_iter7_features.py:154: No templates endpoint available</skipped></testcase><testcase classname="backend.tests.test_iter7_features.TestCustomerEmailWithTemplate" name="test_basic_send" time="0.045" /><testcase classname="backend.tests.test_iter7_features.TestCustomerEmailWithTemplate" name="test_with_template_id" time="0.125"><skipped type="pytest.skip" message="templates endpoint not available">/app/backend/tests/test_iter7_features.py:202: templates endpoint not available</skipped></testcase><testcase classname="backend.tests.test_iter7_features.TestCustomerEmailWithTemplate" name="test_requires_auth" time="0.065" /><testcase classname="backend.tests.test_phase2_features.TestCategories" name="test_categories_crud" time="0.620" /><testcase classname="backend.tests.test_phase2_features.TestCategories" name="test_categories_requires_auth" time="0.045" /><testcase classname="backend.tests.test_phase2_features.TestTeam" name="test_team_crud" time="0.413" /><testcase classname="backend.tests.test_phase2_features.TestTeam" name="test_team_requires_auth" time="0.049" /><testcase classname="backend.tests.test_phase2_features.TestEmailTemplates" name="test_templates_crud" time="0.196" /><testcase classname="backend.tests.test_phase2_features.TestEmailBlast" name="test_blast_send" time="0.050" /><testcase classname="backend.tests.test_phase2_features.TestEmailBlast" name="test_blast_history" time="0.048" /><testcase classname="backend.tests.test_phase2_features.TestCustomers" name="test_customer_update_email_delete" time="0.752" /><testcase classname="backend.tests.test_phase2_features.TestQuotes" name="test_quote_attachments_persisted" time="0.100" /><testcase classname="backend.tests.test_phase2_features.TestQuotes" name="test_quote_patch_reply_delete" time="0.292" /><testcase classname="backend.tests.test_phase2_features.TestAIStudio" name="test_create_and_list_conversation" time="0.092" /><testcase classname="backend.tests.test_phase2_features.TestAIStudio" name="test_send_message_role_and_perms" time="6.584" /><testcase classname="backend.tests.test_phase2_features.TestAIStudio" name="test_update_settings_with_undo" time="3.276" /><testcase classname="backend.tests.test_phase2_features.TestAIStudio" name="test_ai_file_upload" time="2.580" /></testsuite></testsuites>