<?xml version="1.0" encoding="utf-8"?><testsuites name="pytest tests"><testsuite name="pytest" errors="0" failures="0" skipped="0" tests="40" time="19.380" timestamp="2026-06-22T19:22:11.661741+00:00" hostname="agent-env-9e0fd6ba-df9f-4318-80f2-c2809730f918"><testcase classname="backend.tests.backend_test.TestHealth" name="test_health" time="0.217" /><testcase classname="backend.tests.backend_test.TestQuotesPublic" name="test_submit_quote_success" time="0.052" /><testcase classname="backend.tests.backend_test.TestQuotesPublic" name="test_submit_quote_invalid_email_422" time="0.046" /><testcase classname="backend.tests.backend_test.TestQuotesPublic" name="test_submit_quote_missing_required_422" time="0.050" /><testcase classname="backend.tests.backend_test.TestAdminAuth" name="test_login_success_returns_democode" time="0.275" /><testcase classname="backend.tests.backend_test.TestAdminAuth" name="test_login_wrong_password_401" time="0.289" /><testcase classname="backend.tests.backend_test.TestAdminAuth" name="test_legacy_admin_email_rejected" time="0.050" /><testcase classname="backend.tests.backend_test.TestAdminAuth" name="test_verify_wrong_code_401" time="0.318" /><testcase classname="backend.tests.backend_test.TestAdminAuth" name="test_verify_full_flow_returns_jwt" time="0.317" /><testcase classname="backend.tests.backend_test.TestAdminAuth" name="test_me_returns_owner" time="0.052" /><testcase classname="backend.tests.backend_test.TestProtectedEnforcement" name="test_admin_quotes_without_token_401" time="0.046" /><testcase classname="backend.tests.backend_test.TestProtectedEnforcement" name="test_admin_quotes_with_bad_token_401" time="0.053" /><testcase classname="backend.tests.backend_test.TestProtectedEnforcement" name="test_admin_quotes_with_token_lists" time="0.048" /><testcase classname="backend.tests.backend_test.TestSettings" name="test_settings_roundtrip" time="0.205" /><testcase classname="backend.tests.backend_test.TestSettings" name="test_settings_put_without_auth_401" time="0.050" /><testcase classname="backend.tests.backend_test.TestAdminReply" name="test_reply_appends" time="0.097" /><testcase classname="backend.tests.backend_test.TestAdminReply" name="test_reply_missing_message_400" time="0.049" /><testcase classname="backend.tests.backend_test.TestAdminReply" name="test_reply_unknown_qid_404" time="0.051" /><testcase classname="backend.tests.backend_test.TestCustomers" name="test_customers_aggregate" time="0.053" /><testcase classname="backend.tests.backend_test.TestCustomers" name="test_customers_without_auth_401" time="0.047" /><testcase classname="backend.tests.backend_test.TestChangePassword" name="test_change_password_flow_with_revert" time="2.195" /><testcase classname="backend.tests.backend_test.TestChangeEmail" name="test_change_email_flow_with_revert" time="1.284" /><testcase classname="backend.tests.backend_test.TestEmailTestEndpoint" name="test_email_test_when_smtp_unset" time="0.050" /><testcase classname="backend.tests.backend_test.TestEmailTestEndpoint" name="test_email_test_requires_auth" time="0.047" /><testcase classname="backend.tests.backend_test.TestSmtpPasswordPreservation" name="test_smtp_password_preserved_on_empty_put" time="0.436" /><testcase classname="backend.tests.backend_test.TestPublicRfqVisibleInAdmin" name="test_public_quote_appears_in_admin" time="0.110" /><testcase classname="backend.tests.test_phase2_features.TestCategories" name="test_categories_crud" time="0.630" /><testcase classname="backend.tests.test_phase2_features.TestCategories" name="test_categories_requires_auth" time="0.052" /><testcase classname="backend.tests.test_phase2_features.TestTeam" name="test_team_crud" time="0.427" /><testcase classname="backend.tests.test_phase2_features.TestTeam" name="test_team_requires_auth" time="0.044" /><testcase classname="backend.tests.test_phase2_features.TestEmailTemplates" name="test_templates_crud" time="0.266" /><testcase classname="backend.tests.test_phase2_features.TestEmailBlast" name="test_blast_send" time="0.047" /><testcase classname="backend.tests.test_phase2_features.TestEmailBlast" name="test_blast_history" time="0.052" /><testcase classname="backend.tests.test_phase2_features.TestCustomers" name="test_customer_update_email_delete" time="0.741" /><testcase classname="backend.tests.test_phase2_features.TestQuotes" name="test_quote_attachments_persisted" time="0.095" /><testcase classname="backend.tests.test_phase2_features.TestQuotes" name="test_quote_patch_reply_delete" time="0.294" /><testcase classname="backend.tests.test_phase2_features.TestAIStudio" name="test_create_and_list_conversation" time="0.095" /><testcase classname="backend.tests.test_phase2_features.TestAIStudio" name="test_send_message_role_and_perms" time="4.287" /><testcase classname="backend.tests.test_phase2_features.TestAIStudio" name="test_update_settings_with_undo" time="3.305" /><testcase classname="backend.tests.test_phase2_features.TestAIStudio" name="test_ai_file_upload" time="2.363" /></testsuite></testsuites>