<?xml version="1.0" encoding="utf-8"?><testsuites name="pytest tests"><testsuite name="pytest" errors="0" failures="0" skipped="0" tests="20" time="1.899" timestamp="2026-06-22T15:06:57.184480+00:00" hostname="agent-env-9e0fd6ba-df9f-4318-80f2-c2809730f918"><testcase classname="backend.tests.backend_test.TestHealth" name="test_health" time="0.241" /><testcase classname="backend.tests.backend_test.TestQuotesPublic" name="test_submit_quote_success" time="0.051" /><testcase classname="backend.tests.backend_test.TestQuotesPublic" name="test_submit_quote_invalid_email_422" time="0.052" /><testcase classname="backend.tests.backend_test.TestQuotesPublic" name="test_submit_quote_missing_required_422" time="0.055" /><testcase classname="backend.tests.backend_test.TestAdminAuth" name="test_login_success_returns_democode" time="0.055" /><testcase classname="backend.tests.backend_test.TestAdminAuth" name="test_login_wrong_password_401" time="0.054" /><testcase classname="backend.tests.backend_test.TestAdminAuth" name="test_legacy_admin_email_rejected" time="0.057" /><testcase classname="backend.tests.backend_test.TestAdminAuth" name="test_verify_wrong_code_401" time="0.112" /><testcase classname="backend.tests.backend_test.TestAdminAuth" name="test_verify_full_flow_returns_jwt" time="0.095" /><testcase classname="backend.tests.backend_test.TestAdminAuth" name="test_me_returns_owner" time="0.070" /><testcase classname="backend.tests.backend_test.TestProtectedEnforcement" name="test_admin_quotes_without_token_401" time="0.045" /><testcase classname="backend.tests.backend_test.TestProtectedEnforcement" name="test_admin_quotes_with_bad_token_401" time="0.052" /><testcase classname="backend.tests.backend_test.TestProtectedEnforcement" name="test_admin_quotes_with_token_lists" time="0.054" /><testcase classname="backend.tests.backend_test.TestSettings" name="test_settings_roundtrip" time="0.301" /><testcase classname="backend.tests.backend_test.TestSettings" name="test_settings_put_without_auth_401" time="0.053" /><testcase classname="backend.tests.backend_test.TestAdminReply" name="test_reply_appends" time="0.125" /><testcase classname="backend.tests.backend_test.TestAdminReply" name="test_reply_missing_message_400" time="0.061" /><testcase classname="backend.tests.backend_test.TestAdminReply" name="test_reply_unknown_qid_404" time="0.047" /><testcase classname="backend.tests.backend_test.TestCustomers" name="test_customers_aggregate" time="0.062" /><testcase classname="backend.tests.backend_test.TestCustomers" name="test_customers_without_auth_401" time="0.048" /></testsuite></testsuites>