<?xml version="1.0" encoding="utf-8"?><testsuites name="pytest tests"><testsuite name="pytest" errors="0" failures="2" skipped="0" tests="26" time="7.039" timestamp="2026-06-22T15:33:10.789165+00:00" hostname="agent-env-9e0fd6ba-df9f-4318-80f2-c2809730f918"><testcase classname="backend.tests.backend_test.TestHealth" name="test_health" time="0.221" /><testcase classname="backend.tests.backend_test.TestQuotesPublic" name="test_submit_quote_success" time="0.073" /><testcase classname="backend.tests.backend_test.TestQuotesPublic" name="test_submit_quote_invalid_email_422" time="0.062" /><testcase classname="backend.tests.backend_test.TestQuotesPublic" name="test_submit_quote_missing_required_422" time="0.068" /><testcase classname="backend.tests.backend_test.TestAdminAuth" name="test_login_success_returns_democode" time="0.286" /><testcase classname="backend.tests.backend_test.TestAdminAuth" name="test_login_wrong_password_401" time="0.297" /><testcase classname="backend.tests.backend_test.TestAdminAuth" name="test_legacy_admin_email_rejected" time="0.056" /><testcase classname="backend.tests.backend_test.TestAdminAuth" name="test_verify_wrong_code_401" time="0.352" /><testcase classname="backend.tests.backend_test.TestAdminAuth" name="test_verify_full_flow_returns_jwt" time="0.349" /><testcase classname="backend.tests.backend_test.TestAdminAuth" name="test_me_returns_owner" time="0.050" /><testcase classname="backend.tests.backend_test.TestProtectedEnforcement" name="test_admin_quotes_without_token_401" time="0.050" /><testcase classname="backend.tests.backend_test.TestProtectedEnforcement" name="test_admin_quotes_with_bad_token_401" time="0.052" /><testcase classname="backend.tests.backend_test.TestProtectedEnforcement" name="test_admin_quotes_with_token_lists" time="0.054"><failure message="AssertionError: assert 'id' in {'qid': 'Q-9E860B41', 'firstName': 'Alice', 'lastName': '', 'email': 'alice@test.com', ...}">backend/tests/backend_test.py:163: in test_admin_quotes_with_token_lists
    assert "id" in sample
E   AssertionError: assert 'id' in {'qid': 'Q-9E860B41', 'firstName': 'Alice', 'lastName': '', 'email': 'alice@test.com', ...}</failure></testcase><testcase classname="backend.tests.backend_test.TestSettings" name="test_settings_roundtrip" time="0.217" /><testcase classname="backend.tests.backend_test.TestSettings" name="test_settings_put_without_auth_401" time="0.052" /><testcase classname="backend.tests.backend_test.TestAdminReply" name="test_reply_appends" time="0.120" /><testcase classname="backend.tests.backend_test.TestAdminReply" name="test_reply_missing_message_400" time="0.053"><failure message="assert 422 == 400&#10; +  where 422 = &lt;Response [422]&gt;.status_code">backend/tests/backend_test.py:222: in test_reply_missing_message_400
    assert r.status_code == 400
E   assert 422 == 400
E    +  where 422 = &lt;Response [422]&gt;.status_code</failure></testcase><testcase classname="backend.tests.backend_test.TestAdminReply" name="test_reply_unknown_qid_404" time="0.056" /><testcase classname="backend.tests.backend_test.TestCustomers" name="test_customers_aggregate" time="0.107" /><testcase classname="backend.tests.backend_test.TestCustomers" name="test_customers_without_auth_401" time="0.060" /><testcase classname="backend.tests.backend_test.TestChangePassword" name="test_change_password_flow_with_revert" time="2.193" /><testcase classname="backend.tests.backend_test.TestChangeEmail" name="test_change_email_flow_with_revert" time="1.286" /><testcase classname="backend.tests.backend_test.TestEmailTestEndpoint" name="test_email_test_when_smtp_unset" time="0.057" /><testcase classname="backend.tests.backend_test.TestEmailTestEndpoint" name="test_email_test_requires_auth" time="0.049" /><testcase classname="backend.tests.backend_test.TestSmtpPasswordPreservation" name="test_smtp_password_preserved_on_empty_put" time="0.476" /><testcase classname="backend.tests.backend_test.TestPublicRfqVisibleInAdmin" name="test_public_quote_appears_in_admin" time="0.191" /></testsuite></testsuites>